
state 0
	$accept: .top $end 

	IDENT  shift 3
	.  error

	top  goto 1
	command  goto 2

state 1
	$accept:  top.$end 

	$end  accept
	.  error


state 2
	top:  command.    (1)

	.  reduce 1 (src line 31)


state 3
	command:  IDENT.exprs 
	exprs: .    (6)

	.  reduce 6 (src line 60)

	exprs  goto 4

state 4
	command:  IDENT exprs.    (2)
	exprs:  exprs.expr 

	STRING  shift 6
	LBRACK  shift 9
	NUM  shift 7
	.  reduce 2 (src line 40)

	expr  goto 5
	string_list  goto 8

state 5
	exprs:  exprs expr.    (7)

	.  reduce 7 (src line 64)


state 6
	expr:  STRING.    (3)
	string_list:  STRING.COLON string_list 

	COLON  shift 10
	.  reduce 3 (src line 46)


state 7
	expr:  NUM.    (4)

	.  reduce 4 (src line 51)


state 8
	expr:  string_list.    (5)

	.  reduce 5 (src line 55)


state 9
	string_list:  LBRACK.RBRACK 
	string_list:  LBRACK.sep_by_commas RBRACK 

	STRING  shift 13
	RBRACK  shift 11
	.  error

	sep_by_commas  goto 12

state 10
	string_list:  STRING COLON.string_list 

	STRING  shift 15
	LBRACK  shift 9
	.  error

	string_list  goto 14

state 11
	string_list:  LBRACK RBRACK.    (8)

	.  reduce 8 (src line 69)


state 12
	string_list:  LBRACK sep_by_commas.RBRACK 

	RBRACK  shift 16
	.  error


state 13
	sep_by_commas:  STRING.    (11)
	sep_by_commas:  STRING.COMMA sep_by_commas 

	COMMA  shift 17
	.  reduce 11 (src line 83)


state 14
	string_list:  STRING COLON string_list.    (9)

	.  reduce 9 (src line 74)


state 15
	string_list:  STRING.COLON string_list 

	COLON  shift 10
	.  error


state 16
	string_list:  LBRACK sep_by_commas RBRACK.    (10)

	.  reduce 10 (src line 78)


state 17
	sep_by_commas:  STRING COMMA.sep_by_commas 

	STRING  shift 13
	.  error

	sep_by_commas  goto 18

state 18
	sep_by_commas:  STRING COMMA sep_by_commas.    (12)

	.  reduce 12 (src line 88)


11 terminals, 7 nonterminals
13 grammar rules, 19/8000 states
0 shift/reduce, 0 reduce/reduce conflicts reported
56 working sets used
memory: parser 7/120000
0 extra closures
13 shift entries, 1 exceptions
8 goto entries
0 entries saved by goto default
Optimizer space used: output 20/120000
20 table entries, 0 zero
maximum spread: 11, maximum offset: 17
